<?xml version="1.0" encoding="UTF-8"?>
<!-- Generated by org.testng.reporters.JUnitReportReporter -->
<testsuite skipped="0" hostname="DESKTOP-KUCBRGK" name="com.testyantra.employee.Sample" tests="1" failures="0" timestamp="2022-11-24T11:04:08 IST" time="0.002" errors="0">
  <testcase name="sample1" time="0.002" classname="com.testyantra.employee.Sample"/>
  <system-out/>
</testsuite> <!-- com.testyantra.employee.Sample -->
