<?xml version="1.0" encoding="UTF-8"?>
<!-- Generated by org.testng.reporters.JUnitReportReporter -->
<testsuite skipped="0" hostname="DESKTOP-KUCBRGK" name="com.testyantra.branches.New" tests="1" failures="0" timestamp="2022-11-24T11:04:08 IST" time="0.001" errors="0">
  <testcase name="newClass" time="0.001" classname="com.testyantra.branches.New"/>
  <system-out/>
</testsuite> <!-- com.testyantra.branches.New -->
