<?xml version="1.0" encoding="UTF-8"?>
<!-- Generated by org.testng.reporters.JUnitReportReporter -->
<testsuite skipped="0" hostname="DESKTOP-KUCBRGK" name="com.testyantra.branches.Branches" tests="3" failures="0" timestamp="2022-11-24T11:04:08 IST" time="0.011" errors="0">
  <testcase name="delbranch" time="0.002" classname="com.testyantra.branches.Branches"/>
  <system-out/>
  <testcase name="upbranch" time="0.005" classname="com.testyantra.branches.Branches"/>
  <system-out/>
  <testcase name="newBranch" time="0.004" classname="com.testyantra.branches.Branches"/>
  <system-out/>
</testsuite> <!-- com.testyantra.branches.Branches -->
