<?xml version="1.0" encoding="UTF-8"?>
<!-- Generated by org.testng.reporters.JUnitReportReporter -->
<testsuite skipped="0" hostname="DESKTOP-KUCBRGK" name="com.testyantra.corporate.Department" tests="3" failures="0" timestamp="2022-11-23T13:15:58 IST" time="0.009" errors="0">
  <testcase name="updept" time="0.001" classname="com.testyantra.corporate.Department"/>
  <system-out/>
  <testcase name="deldept" time="0.001" classname="com.testyantra.corporate.Department"/>
  <system-out/>
  <testcase name="newdept" time="0.007" classname="com.testyantra.corporate.Department"/>
  <system-out/>
</testsuite> <!-- com.testyantra.corporate.Department -->
