<?xml version="1.0" encoding="UTF-8"?>
<!-- Generated by org.testng.reporters.JUnitReportReporter -->
<testsuite skipped="0" hostname="DESKTOP-KUCBRGK" name="com.testyantra.corporate.Sample" tests="3" failures="0" timestamp="2022-11-23T13:15:58 IST" time="0.009" errors="0">
  <testcase name="script3" time="0.001" classname="com.testyantra.corporate.Sample"/>
  <system-out/>
  <testcase name="script1" time="0.007" classname="com.testyantra.corporate.Sample"/>
  <system-out/>
  <testcase name="script2" time="0.001" classname="com.testyantra.corporate.Sample"/>
  <system-out/>
</testsuite> <!-- com.testyantra.corporate.Sample -->
